<?xml version="1.0" encoding="UTF-8"?>
<testng-results skipped="0" failed="0" total="0" passed="0">
    <reporter-output>
    </reporter-output>
    <suite name="Default suite" duration-ms="6" started-at="2017-07-13T04:18:33Z" finished-at="2017-07-13T04:18:33Z">
        <groups>
        </groups>
        <test name="Default test" duration-ms="6" started-at="2017-07-13T04:18:33Z" finished-at="2017-07-13T04:18:33Z">
        </test> <!-- Default test -->
    </suite> <!-- Default suite -->
</testng-results>
